<?xml version="1.0" encoding="UTF-8"?>
<!-- Generated by org.testng.reporters.JUnitXMLReporter -->
<testsuite ignored="0" hostname="Administrator" failures="0" tests="3" name="belajarselenium" time="4.944" errors="0" timestamp="2023-12-04T13:42:20 WIB">
  <testcase classname="curahealthcare.HomePageTest2" name="checkElement" time="0.124"/>
  <testcase classname="curahealthcare.HomePageTest2" name="testToggleMenu" time="0.105"/>
  <testcase classname="curahealthcare.HomePageTest2" name="clickButtonMakeAppointment" time="0.716"/>
</testsuite> <!-- belajarselenium -->
