<?xml version="1.0" encoding="UTF-8"?>
<!-- Generated by org.testng.reporters.JUnitXMLReporter -->
<testsuite ignored="0" hostname="Administrator" failures="0" tests="3" name="belajarselenium" time="5.054" errors="0" timestamp="2023-12-01T17:01:07 WIB">
  <testcase classname="curahealthcare.HomePageTest" name="checkElement" time="0.29"/>
  <testcase classname="curahealthcare.HomePageTest" name="testToggleMenu" time="0.125"/>
  <testcase classname="curahealthcare.HomePageTest" name="clickButtonMakeAppointment" time="0.614"/>
</testsuite> <!-- belajarselenium -->
