<?xml version="1.0" encoding="UTF-8"?>
<!-- Generated by org.testng.reporters.JUnitXMLReporter -->
<testsuite ignored="0" hostname="Administrator" failures="0" tests="5" name="QA-Selenium" time="7.089" errors="0" timestamp="2024-01-31T11:30:00 WIB">
  <testcase classname="curahealthcare.LoginPageTest" name="checkElementLogin" time="0.109"/>
  <testcase classname="curahealthcare.LoginPageTest" name="loginWithNullValues" time="0.688"/>
  <testcase classname="curahealthcare.LoginPageTest" name="loginWithWrongValues" time="0.795"/>
  <testcase classname="curahealthcare.LoginPageTest" name="loginWithWrongUsername" time="0.703"/>
  <testcase classname="curahealthcare.LoginPageTest" name="loginWithCorrectValues" time="0.743"/>
</testsuite> <!-- QA-Selenium -->
